<?xml version="1.0" encoding="UTF-8"?>
<robot generator="Robot 3.2.1 (Python 3.7.4 on win32)" generated="20210831 15:14:12.890" rpa="false">
<suite id="s1" name="testSuite1" source="C:\SS\RF\WS_RF\RobotProject1\test\testSuite1.robot">
<kw name="Log" library="BuiltIn" type="setup">
<doc>Logs the given message with the given level.</doc>
<arguments>
<arg>Inside suite setup...</arg>
</arguments>
<msg timestamp="20210831 15:14:13.173" level="INFO">Inside suite setup...</msg>
<status status="PASS" starttime="20210831 15:14:13.173" endtime="20210831 15:14:13.173"></status>
</kw>
<test id="s1-t1" name="MyTestCase1">
<kw name="Log" library="BuiltIn" type="setup">
<doc>Logs the given message with the given level.</doc>
<arguments>
<arg>Inside testcase setup..</arg>
</arguments>
<msg timestamp="20210831 15:14:13.177" level="INFO">Inside testcase setup..</msg>
<status status="PASS" starttime="20210831 15:14:13.177" endtime="20210831 15:14:13.177"></status>
</kw>
<kw name="Set Tags" library="BuiltIn">
<doc>Adds given ``tags`` for the current test or all tests in a suite.</doc>
<arguments>
<arg>Default</arg>
</arguments>
<msg timestamp="20210831 15:14:13.178" level="INFO">Set tag 'Default'.</msg>
<status status="PASS" starttime="20210831 15:14:13.178" endtime="20210831 15:14:13.178"></status>
</kw>
<kw name="Log" library="BuiltIn">
<doc>Logs the given message with the given level.</doc>
<arguments>
<arg>Inside 1st test case</arg>
</arguments>
<msg timestamp="20210831 15:14:13.178" level="INFO">Inside 1st test case</msg>
<status status="PASS" starttime="20210831 15:14:13.178" endtime="20210831 15:14:13.178"></status>
</kw>
<kw name="Remove Tags" library="BuiltIn">
<doc>Removes given ``tags`` from the current test or all tests in a suite.</doc>
<arguments>
<arg>Tag1</arg>
</arguments>
<msg timestamp="20210831 15:14:13.179" level="INFO">Removed tag 'Tag1'.</msg>
<status status="PASS" starttime="20210831 15:14:13.179" endtime="20210831 15:14:13.179"></status>
</kw>
<kw name="Log" library="BuiltIn" type="teardown">
<doc>Logs the given message with the given level.</doc>
<arguments>
<arg>Inside testcase teardown..</arg>
</arguments>
<msg timestamp="20210831 15:14:13.180" level="INFO">Inside testcase teardown..</msg>
<status status="PASS" starttime="20210831 15:14:13.179" endtime="20210831 15:14:13.180"></status>
</kw>
<tags>
<tag>Default</tag>
</tags>
<status status="PASS" starttime="20210831 15:14:13.173" endtime="20210831 15:14:13.180" critical="yes"></status>
</test>
<test id="s1-t2" name="MyTestCase2">
<kw name="Log" library="BuiltIn" type="setup">
<doc>Logs the given message with the given level.</doc>
<arguments>
<arg>Inside testcase setup..</arg>
</arguments>
<msg timestamp="20210831 15:14:13.182" level="INFO">Inside testcase setup..</msg>
<status status="PASS" starttime="20210831 15:14:13.182" endtime="20210831 15:14:13.182"></status>
</kw>
<kw name="Log" library="BuiltIn">
<doc>Logs the given message with the given level.</doc>
<arguments>
<arg>Inside 2nd test case</arg>
</arguments>
<msg timestamp="20210831 15:14:13.183" level="INFO">Inside 2nd test case</msg>
<status status="PASS" starttime="20210831 15:14:13.183" endtime="20210831 15:14:13.183"></status>
</kw>
<kw name="Set Tags" library="BuiltIn">
<doc>Adds given ``tags`` for the current test or all tests in a suite.</doc>
<arguments>
<arg>Tag2</arg>
</arguments>
<msg timestamp="20210831 15:14:13.183" level="INFO">Set tag 'Tag2'.</msg>
<status status="PASS" starttime="20210831 15:14:13.183" endtime="20210831 15:14:13.183"></status>
</kw>
<kw name="Log" library="BuiltIn" type="teardown">
<doc>Logs the given message with the given level.</doc>
<arguments>
<arg>Inside testcase teardown..</arg>
</arguments>
<msg timestamp="20210831 15:14:13.184" level="INFO">Inside testcase teardown..</msg>
<status status="PASS" starttime="20210831 15:14:13.184" endtime="20210831 15:14:13.184"></status>
</kw>
<tags>
<tag>Default</tag>
<tag>Tag2</tag>
</tags>
<status status="PASS" starttime="20210831 15:14:13.182" endtime="20210831 15:14:13.184" critical="yes"></status>
</test>
<test id="s1-t3" name="MyTestCase3">
<kw name="Log" library="BuiltIn" type="setup">
<doc>Logs the given message with the given level.</doc>
<arguments>
<arg>Inside testcase setup..</arg>
</arguments>
<msg timestamp="20210831 15:14:13.186" level="INFO">Inside testcase setup..</msg>
<status status="PASS" starttime="20210831 15:14:13.186" endtime="20210831 15:14:13.186"></status>
</kw>
<kw name="Log" library="BuiltIn">
<doc>Logs the given message with the given level.</doc>
<arguments>
<arg>Inside 3rd test case</arg>
</arguments>
<msg timestamp="20210831 15:14:13.186" level="INFO">Inside 3rd test case</msg>
<status status="PASS" starttime="20210831 15:14:13.186" endtime="20210831 15:14:13.186"></status>
</kw>
<kw name="Log" library="BuiltIn" type="teardown">
<doc>Logs the given message with the given level.</doc>
<arguments>
<arg>Inside testcase teardown..</arg>
</arguments>
<msg timestamp="20210831 15:14:13.187" level="INFO">Inside testcase teardown..</msg>
<status status="PASS" starttime="20210831 15:14:13.187" endtime="20210831 15:14:13.187"></status>
</kw>
<tags>
<tag>Default</tag>
</tags>
<status status="PASS" starttime="20210831 15:14:13.185" endtime="20210831 15:14:13.188" critical="yes"></status>
</test>
<kw name="Log" library="BuiltIn" type="teardown">
<doc>Logs the given message with the given level.</doc>
<arguments>
<arg>Inside suite teardown...</arg>
</arguments>
<msg timestamp="20210831 15:14:13.192" level="INFO">Inside suite teardown...</msg>
<status status="PASS" starttime="20210831 15:14:13.191" endtime="20210831 15:14:13.192"></status>
</kw>
<status status="PASS" starttime="20210831 15:14:12.892" endtime="20210831 15:14:13.192"></status>
</suite>
<statistics>
<total>
<stat pass="3" fail="0">Critical Tests</stat>
<stat pass="3" fail="0">All Tests</stat>
</total>
<tag>
<stat pass="3" fail="0">Default</stat>
<stat pass="1" fail="0">Tag2</stat>
</tag>
<suite>
<stat pass="3" fail="0" id="s1" name="testSuite1">testSuite1</stat>
</suite>
</statistics>
<errors>
</errors>
</robot>
